<?xml version="1.0" encoding="UTF-8"?>
<!-- Generated by org.testng.reporters.JUnitXMLReporter -->
<testsuite ignored="1" hostname="Zeyneps-MBP" failures="0" tests="2" name="Default test" time="13.623" errors="0" timestamp="2021-03-28T23:46:21 EDT">
  <testcase classname="tests.HomePageTest" name="checkFooterLinks" time="4.347"/>
  <testcase classname="tests.HomePageTest" name="checkHomePageURL" time="0.014"/>
  <testcase classname="tests.HomePageTest" name="checkTopNavigationBarItems" time="0.0">
    <ignored/>
  </testcase> <!-- checkTopNavigationBarItems -->
</testsuite> <!-- Default test -->
