<?xml version="1.0" encoding="UTF-8"?>
<testng-results ignored="4" total="21" passed="14" failed="3" skipped="0">
  <reporter-output>
  </reporter-output>
  <suite started-at="2021-04-01T23:43:10 EDT" name="Command line suite" finished-at="2021-04-01T23:47:48 EDT" duration-ms="277832">
    <groups>
    </groups>
    <test started-at="2021-04-01T23:43:10 EDT" name="Command line test" finished-at="2021-04-01T23:47:48 EDT" duration-ms="277832">
      <class name="tests.HomePageTest">
        <test-method is-config="true" signature="setUp()[pri:0, instance:tests.HomePageTest@6a192cfe]" started-at="2021-04-01T23:44:48 EDT" name="setUp" finished-at="2021-04-01T23:44:54 EDT" duration-ms="5454" status="PASS">
          <reporter-output>
          </reporter-output>
        </test-method> <!-- setUp -->
        <test-method signature="checkFlexiblePackageInvalidOptions(java.lang.String, java.lang.String, java.lang.String, java.lang.String)[pri:1, instance:tests.HomePageTest@6a192cfe]" started-at="2021-04-01T23:44:54 EDT" name="checkFlexiblePackageInvalidOptions" description="Tries to buy a package with invalid options, should get a warning at the end" data-provider="getFlexiblePackageInValidOptions" finished-at="2021-04-01T23:44:58 EDT" duration-ms="4630" status="PASS">
          <params>
            <param index="0">
              <value>
                <![CDATA[Select Duration]]>
              </value>
            </param>
            <param index="1">
              <value>
                <![CDATA[2 weeks]]>
              </value>
            </param>
            <param index="2">
              <value>
                <![CDATA[1 Class]]>
              </value>
            </param>
            <param index="3">
              <value>
                <![CDATA[Children English]]>
              </value>
            </param>
          </params>
          <reporter-output>
          </reporter-output>
        </test-method> <!-- checkFlexiblePackageInvalidOptions -->
        <test-method is-config="true" signature="tearDown()[pri:0, instance:tests.HomePageTest@6a192cfe]" started-at="2021-04-01T23:44:58 EDT" name="tearDown" finished-at="2021-04-01T23:44:59 EDT" duration-ms="105" status="PASS">
          <reporter-output>
          </reporter-output>
        </test-method> <!-- tearDown -->
        <test-method is-config="true" signature="setUp()[pri:0, instance:tests.HomePageTest@6a192cfe]" started-at="2021-04-01T23:44:59 EDT" name="setUp" finished-at="2021-04-01T23:45:03 EDT" duration-ms="4664" status="PASS">
          <reporter-output>
          </reporter-output>
        </test-method> <!-- setUp -->
        <test-method signature="checkFlexiblePackageInvalidOptions(java.lang.String, java.lang.String, java.lang.String, java.lang.String)[pri:1, instance:tests.HomePageTest@6a192cfe]" started-at="2021-04-01T23:45:03 EDT" name="checkFlexiblePackageInvalidOptions" description="Tries to buy a package with invalid options, should get a warning at the end" data-provider="getFlexiblePackageInValidOptions" finished-at="2021-04-01T23:45:08 EDT" duration-ms="4577" status="PASS">
          <params>
            <param index="0">
              <value>
                <![CDATA[30]]>
              </value>
            </param>
            <param index="1">
              <value>
                <![CDATA[Select Package Length]]>
              </value>
            </param>
            <param index="2">
              <value>
                <![CDATA[2 Classes]]>
              </value>
            </param>
            <param index="3">
              <value>
                <![CDATA[Business English]]>
              </value>
            </param>
          </params>
          <reporter-output>
          </reporter-output>
        </test-method> <!-- checkFlexiblePackageInvalidOptions -->
        <test-method is-config="true" signature="tearDown()[pri:0, instance:tests.HomePageTest@6a192cfe]" started-at="2021-04-01T23:45:08 EDT" name="tearDown" finished-at="2021-04-01T23:45:08 EDT" duration-ms="112" status="PASS">
          <reporter-output>
          </reporter-output>
        </test-method> <!-- tearDown -->
        <test-method is-config="true" signature="setUp()[pri:0, instance:tests.HomePageTest@6a192cfe]" started-at="2021-04-01T23:45:08 EDT" name="setUp" finished-at="2021-04-01T23:45:14 EDT" duration-ms="6284" status="PASS">
          <reporter-output>
          </reporter-output>
        </test-method> <!-- setUp -->
        <test-method signature="checkFlexiblePackageInvalidOptions(java.lang.String, java.lang.String, java.lang.String, java.lang.String)[pri:1, instance:tests.HomePageTest@6a192cfe]" started-at="2021-04-01T23:45:14 EDT" name="checkFlexiblePackageInvalidOptions" description="Tries to buy a package with invalid options, should get a warning at the end" data-provider="getFlexiblePackageInValidOptions" finished-at="2021-04-01T23:45:19 EDT" duration-ms="4689" status="PASS">
          <params>
            <param index="0">
              <value>
                <![CDATA[60]]>
              </value>
            </param>
            <param index="1">
              <value>
                <![CDATA[4 weeks]]>
              </value>
            </param>
            <param index="2">
              <value>
                <![CDATA[Select Class]]>
              </value>
            </param>
            <param index="3">
              <value>
                <![CDATA[Conversational English]]>
              </value>
            </param>
          </params>
          <reporter-output>
          </reporter-output>
        </test-method> <!-- checkFlexiblePackageInvalidOptions -->
        <test-method is-config="true" signature="tearDown()[pri:0, instance:tests.HomePageTest@6a192cfe]" started-at="2021-04-01T23:45:19 EDT" name="tearDown" finished-at="2021-04-01T23:45:19 EDT" duration-ms="111" status="PASS">
          <reporter-output>
          </reporter-output>
        </test-method> <!-- tearDown -->
        <test-method is-config="true" signature="setUp()[pri:0, instance:tests.HomePageTest@6a192cfe]" started-at="2021-04-01T23:45:19 EDT" name="setUp" finished-at="2021-04-01T23:45:23 EDT" duration-ms="4325" status="PASS">
          <reporter-output>
          </reporter-output>
        </test-method> <!-- setUp -->
        <test-method signature="checkFlexiblePackageValidOptions(java.lang.String, java.lang.String, java.lang.String, java.lang.String)[pri:2, instance:tests.HomePageTest@6a192cfe]" started-at="2021-04-01T23:45:23 EDT" name="checkFlexiblePackageValidOptions" description="Tries to buy a package with valid options, signup page should show up at the end" data-provider="getFlexiblePackageValidOptions" finished-at="2021-04-01T23:45:29 EDT" duration-ms="5350" status="PASS">
          <params>
            <param index="0">
              <value>
                <![CDATA[60]]>
              </value>
            </param>
            <param index="1">
              <value>
                <![CDATA[2 weeks]]>
              </value>
            </param>
            <param index="2">
              <value>
                <![CDATA[1 Class]]>
              </value>
            </param>
            <param index="3">
              <value>
                <![CDATA[Children English]]>
              </value>
            </param>
          </params>
          <reporter-output>
          </reporter-output>
        </test-method> <!-- checkFlexiblePackageValidOptions -->
        <test-method is-config="true" signature="tearDown()[pri:0, instance:tests.HomePageTest@6a192cfe]" started-at="2021-04-01T23:45:29 EDT" name="tearDown" finished-at="2021-04-01T23:45:29 EDT" duration-ms="108" status="PASS">
          <reporter-output>
          </reporter-output>
        </test-method> <!-- tearDown -->
        <test-method is-config="true" signature="setUp()[pri:0, instance:tests.HomePageTest@6a192cfe]" started-at="2021-04-01T23:45:29 EDT" name="setUp" finished-at="2021-04-01T23:45:33 EDT" duration-ms="4153" status="PASS">
          <reporter-output>
          </reporter-output>
        </test-method> <!-- setUp -->
        <test-method signature="checkFlexiblePackageValidOptions(java.lang.String, java.lang.String, java.lang.String, java.lang.String)[pri:2, instance:tests.HomePageTest@6a192cfe]" started-at="2021-04-01T23:45:33 EDT" name="checkFlexiblePackageValidOptions" description="Tries to buy a package with valid options, signup page should show up at the end" data-provider="getFlexiblePackageValidOptions" finished-at="2021-04-01T23:45:39 EDT" duration-ms="5531" status="PASS">
          <params>
            <param index="0">
              <value>
                <![CDATA[30]]>
              </value>
            </param>
            <param index="1">
              <value>
                <![CDATA[8 weeks]]>
              </value>
            </param>
            <param index="2">
              <value>
                <![CDATA[4 Classes]]>
              </value>
            </param>
            <param index="3">
              <value>
                <![CDATA[Business English]]>
              </value>
            </param>
          </params>
          <reporter-output>
          </reporter-output>
        </test-method> <!-- checkFlexiblePackageValidOptions -->
        <test-method is-config="true" signature="tearDown()[pri:0, instance:tests.HomePageTest@6a192cfe]" started-at="2021-04-01T23:45:39 EDT" name="tearDown" finished-at="2021-04-01T23:45:39 EDT" duration-ms="176" status="PASS">
          <reporter-output>
          </reporter-output>
        </test-method> <!-- tearDown -->
        <test-method is-config="true" signature="setUp()[pri:0, instance:tests.HomePageTest@6a192cfe]" started-at="2021-04-01T23:45:39 EDT" name="setUp" finished-at="2021-04-01T23:45:44 EDT" duration-ms="4859" status="PASS">
          <reporter-output>
          </reporter-output>
        </test-method> <!-- setUp -->
        <test-method signature="checkFlexiblePackageValidOptions(java.lang.String, java.lang.String, java.lang.String, java.lang.String)[pri:2, instance:tests.HomePageTest@6a192cfe]" started-at="2021-04-01T23:45:44 EDT" name="checkFlexiblePackageValidOptions" description="Tries to buy a package with valid options, signup page should show up at the end" data-provider="getFlexiblePackageValidOptions" finished-at="2021-04-01T23:45:49 EDT" duration-ms="5493" status="PASS">
          <params>
            <param index="0">
              <value>
                <![CDATA[60]]>
              </value>
            </param>
            <param index="1">
              <value>
                <![CDATA[4 weeks]]>
              </value>
            </param>
            <param index="2">
              <value>
                <![CDATA[2 Classes]]>
              </value>
            </param>
            <param index="3">
              <value>
                <![CDATA[Conversational English]]>
              </value>
            </param>
          </params>
          <reporter-output>
          </reporter-output>
        </test-method> <!-- checkFlexiblePackageValidOptions -->
        <test-method is-config="true" signature="tearDown()[pri:0, instance:tests.HomePageTest@6a192cfe]" started-at="2021-04-01T23:45:49 EDT" name="tearDown" finished-at="2021-04-01T23:45:49 EDT" duration-ms="160" status="PASS">
          <reporter-output>
          </reporter-output>
        </test-method> <!-- tearDown -->
        <test-method is-config="true" signature="setUp()[pri:0, instance:tests.HomePageTest@6a192cfe]" started-at="2021-04-01T23:45:49 EDT" name="setUp" finished-at="2021-04-01T23:45:54 EDT" duration-ms="5024" status="PASS">
          <reporter-output>
          </reporter-output>
        </test-method> <!-- setUp -->
        <test-method signature="checkHomePageURL()[pri:3, instance:tests.HomePageTest@6a192cfe]" started-at="2021-04-01T23:45:54 EDT" name="checkHomePageURL" description="CheckHomePage URL" finished-at="2021-04-01T23:45:54 EDT" duration-ms="6" status="PASS">
          <reporter-output>
          </reporter-output>
        </test-method> <!-- checkHomePageURL -->
        <test-method is-config="true" signature="tearDown()[pri:0, instance:tests.HomePageTest@6a192cfe]" started-at="2021-04-01T23:45:54 EDT" name="tearDown" finished-at="2021-04-01T23:45:54 EDT" duration-ms="98" status="PASS">
          <reporter-output>
          </reporter-output>
        </test-method> <!-- tearDown -->
        <test-method is-config="true" signature="setUp()[pri:0, instance:tests.HomePageTest@6a192cfe]" started-at="2021-04-01T23:45:54 EDT" name="setUp" finished-at="2021-04-01T23:45:58 EDT" duration-ms="4026" status="PASS">
          <reporter-output>
          </reporter-output>
        </test-method> <!-- setUp -->
        <test-method signature="checkTopNavigationBarItems()[pri:4, instance:tests.HomePageTest@6a192cfe]" started-at="2021-04-01T23:45:58 EDT" name="checkTopNavigationBarItems" description="Clicks on each top Navigation Bar items and checks if each works" finished-at="2021-04-01T23:46:56 EDT" duration-ms="58083" status="FAIL">
          <exception class="org.openqa.selenium.TimeoutException">
            <message>
              <![CDATA[Expected condition failed: waiting for presence of element located by: By.id: dropdownMenuLink (tried for 30 second(s) with 500 milliseconds interval)]]>
            </message>
            <full-stacktrace>
              <![CDATA[org.openqa.selenium.TimeoutException: Expected condition failed: waiting for presence of element located by: By.id: dropdownMenuLink (tried for 30 second(s) with 500 milliseconds interval)
at org.openqa.selenium.support.ui.WebDriverWait.timeoutException(WebDriverWait.java:95)
at org.openqa.selenium.support.ui.FluentWait.until(FluentWait.java:272)
at util.ElementUtil.waitForElementPresentBy(ElementUtil.java:76)
at util.ElementUtil.getElement(ElementUtil.java:39)
at pages.HomePage.getTopNavigationBarItems(HomePage.java:101)
at tests.HomePageTest.checkTopNavigationBarItems(HomePageTest.java:40)
at java.base/jdk.internal.reflect.NativeMethodAccessorImpl.invoke0(Native Method)
at java.base/jdk.internal.reflect.NativeMethodAccessorImpl.invoke(NativeMethodAccessorImpl.java:62)
at java.base/jdk.internal.reflect.DelegatingMethodAccessorImpl.invoke(DelegatingMethodAccessorImpl.java:43)
at java.base/java.lang.reflect.Method.invoke(Method.java:566)
at org.testng.internal.MethodInvocationHelper.invokeMethod(MethodInvocationHelper.java:132)
at org.testng.internal.TestInvoker.invokeMethod(TestInvoker.java:599)
at org.testng.internal.TestInvoker.invokeTestMethod(TestInvoker.java:174)
at org.testng.internal.MethodRunner.runInSequence(MethodRunner.java:46)
at org.testng.internal.TestInvoker$MethodInvocationAgent.invoke(TestInvoker.java:822)
at org.testng.internal.TestInvoker.invokeTestMethods(TestInvoker.java:147)
at org.testng.internal.TestMethodWorker.invokeTestMethods(TestMethodWorker.java:146)
at org.testng.internal.TestMethodWorker.run(TestMethodWorker.java:128)
at java.base/java.util.ArrayList.forEach(ArrayList.java:1541)
at org.testng.TestRunner.privateRun(TestRunner.java:764)
at org.testng.TestRunner.run(TestRunner.java:585)
at org.testng.SuiteRunner.runTest(SuiteRunner.java:384)
at org.testng.SuiteRunner.runSequentially(SuiteRunner.java:378)
at org.testng.SuiteRunner.privateRun(SuiteRunner.java:337)
at org.testng.SuiteRunner.run(SuiteRunner.java:286)
at org.testng.SuiteRunnerWorker.runSuite(SuiteRunnerWorker.java:53)
at org.testng.SuiteRunnerWorker.run(SuiteRunnerWorker.java:96)
at org.testng.TestNG.runSuitesSequentially(TestNG.java:1218)
at org.testng.TestNG.runSuitesLocally(TestNG.java:1140)
at org.testng.TestNG.runSuites(TestNG.java:1069)
at org.testng.TestNG.run(TestNG.java:1037)
at org.apache.maven.surefire.testng.TestNGExecutor.run(TestNGExecutor.java:77)
at org.apache.maven.surefire.testng.TestNGDirectoryTestSuite.executeMulti(TestNGDirectoryTestSuite.java:159)
at org.apache.maven.surefire.testng.TestNGDirectoryTestSuite.execute(TestNGDirectoryTestSuite.java:99)
at org.apache.maven.surefire.testng.TestNGProvider.invoke(TestNGProvider.java:106)
at java.base/jdk.internal.reflect.NativeMethodAccessorImpl.invoke0(Native Method)
at java.base/jdk.internal.reflect.NativeMethodAccessorImpl.invoke(NativeMethodAccessorImpl.java:62)
at java.base/jdk.internal.reflect.DelegatingMethodAccessorImpl.invoke(DelegatingMethodAccessorImpl.java:43)
at java.base/java.lang.reflect.Method.invoke(Method.java:566)
at org.apache.maven.surefire.util.ReflectionUtils.invokeMethodWithArray(ReflectionUtils.java:189)
at org.apache.maven.surefire.booter.ProviderFactory$ProviderProxy.invoke(ProviderFactory.java:165)
at org.apache.maven.surefire.booter.ProviderFactory.invokeProvider(ProviderFactory.java:85)
at org.apache.maven.surefire.booter.ForkedBooter.runSuitesInProcess(ForkedBooter.java:115)
at org.apache.maven.surefire.booter.ForkedBooter.main(ForkedBooter.java:75)
Caused by: org.openqa.selenium.NoSuchElementException: no such element: Unable to locate element: {"method":"css selector","selector":"#dropdownMenuLink"}
  (Session info: chrome=89.0.4389.114)
For documentation on this error, please visit: https://www.seleniumhq.org/exceptions/no_such_element.html
Build info: version: '3.141.59', revision: 'e82be7d358', time: '2018-11-14T08:17:03'
System info: host: 'Zeyneps-MBP', ip: 'fe80:0:0:0:1c57:9865:932b:651e%en0', os.name: 'Mac OS X', os.arch: 'x86_64', os.version: '10.16', java.version: '11.0.9'
Driver info: org.openqa.selenium.chrome.ChromeDriver
Capabilities {acceptInsecureCerts: false, browserName: chrome, browserVersion: 89.0.4389.114, chrome: {chromedriverVersion: 89.0.4389.23 (61b08ee2c5002..., userDataDir: /var/folders/nb/p575x3v15vj...}, goog:chromeOptions: {debuggerAddress: localhost:62171}, javascriptEnabled: true, networkConnectionEnabled: false, pageLoadStrategy: normal, platform: MAC, platformName: MAC, proxy: Proxy(), setWindowRect: true, strictFileInteractability: false, timeouts: {implicit: 0, pageLoad: 300000, script: 30000}, unhandledPromptBehavior: dismiss and notify, webauthn:extension:largeBlob: true, webauthn:virtualAuthenticators: true}
Session ID: babd2c4f06741daa72d2a2151c6e9b06
*** Element info: {Using=id, value=dropdownMenuLink}
at jdk.internal.reflect.GeneratedConstructorAccessor9.newInstance(Unknown Source)
at java.base/jdk.internal.reflect.DelegatingConstructorAccessorImpl.newInstance(DelegatingConstructorAccessorImpl.java:45)
at java.base/java.lang.reflect.Constructor.newInstance(Constructor.java:490)
at org.openqa.selenium.remote.http.W3CHttpResponseCodec.createException(W3CHttpResponseCodec.java:187)
at org.openqa.selenium.remote.http.W3CHttpResponseCodec.decode(W3CHttpResponseCodec.java:122)
at org.openqa.selenium.remote.http.W3CHttpResponseCodec.decode(W3CHttpResponseCodec.java:49)
at org.openqa.selenium.remote.HttpCommandExecutor.execute(HttpCommandExecutor.java:158)
at org.openqa.selenium.remote.service.DriverCommandExecutor.execute(DriverCommandExecutor.java:83)
at org.openqa.selenium.remote.RemoteWebDriver.execute(RemoteWebDriver.java:552)
at org.openqa.selenium.remote.RemoteWebDriver.findElement(RemoteWebDriver.java:323)
at org.openqa.selenium.remote.RemoteWebDriver.findElementById(RemoteWebDriver.java:372)
at org.openqa.selenium.By$ById.findElement(By.java:188)
at org.openqa.selenium.remote.RemoteWebDriver.findElement(RemoteWebDriver.java:315)
at org.openqa.selenium.support.ui.ExpectedConditions$6.apply(ExpectedConditions.java:182)
at org.openqa.selenium.support.ui.ExpectedConditions$6.apply(ExpectedConditions.java:179)
at org.openqa.selenium.support.ui.FluentWait.until(FluentWait.java:249)
... 42 more
]]>
            </full-stacktrace>
          </exception> <!-- org.openqa.selenium.TimeoutException -->
          <reporter-output>
          </reporter-output>
        </test-method> <!-- checkTopNavigationBarItems -->
        <test-method is-config="true" signature="tearDown()[pri:0, instance:tests.HomePageTest@6a192cfe]" started-at="2021-04-01T23:46:56 EDT" name="tearDown" finished-at="2021-04-01T23:46:57 EDT" duration-ms="134" status="PASS">
          <reporter-output>
          </reporter-output>
        </test-method> <!-- tearDown -->
        <test-method is-config="true" signature="setUp()[pri:0, instance:tests.HomePageTest@6a192cfe]" started-at="2021-04-01T23:46:57 EDT" name="setUp" finished-at="2021-04-01T23:46:59 EDT" duration-ms="2169" status="PASS">
          <reporter-output>
          </reporter-output>
        </test-method> <!-- setUp -->
        <test-method signature="checkFooterLinks()[pri:5, instance:tests.HomePageTest@6a192cfe]" started-at="2021-04-01T23:46:59 EDT" name="checkFooterLinks" description="Clicks on each link in the footer and checks if each works" finished-at="2021-04-01T23:47:29 EDT" duration-ms="30287" status="FAIL">
          <exception class="org.openqa.selenium.TimeoutException">
            <message>
              <![CDATA[Expected condition failed: waiting for presence of element located by: By.cssSelector: div.footer-bottom (tried for 30 second(s) with 500 milliseconds interval)]]>
            </message>
            <full-stacktrace>
              <![CDATA[org.openqa.selenium.TimeoutException: Expected condition failed: waiting for presence of element located by: By.cssSelector: div.footer-bottom (tried for 30 second(s) with 500 milliseconds interval)
at org.openqa.selenium.support.ui.WebDriverWait.timeoutException(WebDriverWait.java:95)
at org.openqa.selenium.support.ui.FluentWait.until(FluentWait.java:272)
at util.ElementUtil.waitForElementPresentBy(ElementUtil.java:76)
at util.ElementUtil.getElement(ElementUtil.java:39)
at pages.HomePage.getFooterLinks(HomePage.java:111)
at tests.HomePageTest.checkFooterLinks(HomePageTest.java:53)
at java.base/jdk.internal.reflect.NativeMethodAccessorImpl.invoke0(Native Method)
at java.base/jdk.internal.reflect.NativeMethodAccessorImpl.invoke(NativeMethodAccessorImpl.java:62)
at java.base/jdk.internal.reflect.DelegatingMethodAccessorImpl.invoke(DelegatingMethodAccessorImpl.java:43)
at java.base/java.lang.reflect.Method.invoke(Method.java:566)
at org.testng.internal.MethodInvocationHelper.invokeMethod(MethodInvocationHelper.java:132)
at org.testng.internal.TestInvoker.invokeMethod(TestInvoker.java:599)
at org.testng.internal.TestInvoker.invokeTestMethod(TestInvoker.java:174)
at org.testng.internal.MethodRunner.runInSequence(MethodRunner.java:46)
at org.testng.internal.TestInvoker$MethodInvocationAgent.invoke(TestInvoker.java:822)
at org.testng.internal.TestInvoker.invokeTestMethods(TestInvoker.java:147)
at org.testng.internal.TestMethodWorker.invokeTestMethods(TestMethodWorker.java:146)
at org.testng.internal.TestMethodWorker.run(TestMethodWorker.java:128)
at java.base/java.util.ArrayList.forEach(ArrayList.java:1541)
at org.testng.TestRunner.privateRun(TestRunner.java:764)
at org.testng.TestRunner.run(TestRunner.java:585)
at org.testng.SuiteRunner.runTest(SuiteRunner.java:384)
at org.testng.SuiteRunner.runSequentially(SuiteRunner.java:378)
at org.testng.SuiteRunner.privateRun(SuiteRunner.java:337)
at org.testng.SuiteRunner.run(SuiteRunner.java:286)
at org.testng.SuiteRunnerWorker.runSuite(SuiteRunnerWorker.java:53)
at org.testng.SuiteRunnerWorker.run(SuiteRunnerWorker.java:96)
at org.testng.TestNG.runSuitesSequentially(TestNG.java:1218)
at org.testng.TestNG.runSuitesLocally(TestNG.java:1140)
at org.testng.TestNG.runSuites(TestNG.java:1069)
at org.testng.TestNG.run(TestNG.java:1037)
at org.apache.maven.surefire.testng.TestNGExecutor.run(TestNGExecutor.java:77)
at org.apache.maven.surefire.testng.TestNGDirectoryTestSuite.executeMulti(TestNGDirectoryTestSuite.java:159)
at org.apache.maven.surefire.testng.TestNGDirectoryTestSuite.execute(TestNGDirectoryTestSuite.java:99)
at org.apache.maven.surefire.testng.TestNGProvider.invoke(TestNGProvider.java:106)
at java.base/jdk.internal.reflect.NativeMethodAccessorImpl.invoke0(Native Method)
at java.base/jdk.internal.reflect.NativeMethodAccessorImpl.invoke(NativeMethodAccessorImpl.java:62)
at java.base/jdk.internal.reflect.DelegatingMethodAccessorImpl.invoke(DelegatingMethodAccessorImpl.java:43)
at java.base/java.lang.reflect.Method.invoke(Method.java:566)
at org.apache.maven.surefire.util.ReflectionUtils.invokeMethodWithArray(ReflectionUtils.java:189)
at org.apache.maven.surefire.booter.ProviderFactory$ProviderProxy.invoke(ProviderFactory.java:165)
at org.apache.maven.surefire.booter.ProviderFactory.invokeProvider(ProviderFactory.java:85)
at org.apache.maven.surefire.booter.ForkedBooter.runSuitesInProcess(ForkedBooter.java:115)
at org.apache.maven.surefire.booter.ForkedBooter.main(ForkedBooter.java:75)
Caused by: org.openqa.selenium.NoSuchElementException: no such element: Unable to locate element: {"method":"css selector","selector":"div.footer-bottom"}
  (Session info: chrome=89.0.4389.114)
For documentation on this error, please visit: https://www.seleniumhq.org/exceptions/no_such_element.html
Build info: version: '3.141.59', revision: 'e82be7d358', time: '2018-11-14T08:17:03'
System info: host: 'Zeyneps-MBP', ip: 'fe80:0:0:0:1c57:9865:932b:651e%en0', os.name: 'Mac OS X', os.arch: 'x86_64', os.version: '10.16', java.version: '11.0.9'
Driver info: org.openqa.selenium.chrome.ChromeDriver
Capabilities {acceptInsecureCerts: false, browserName: chrome, browserVersion: 89.0.4389.114, chrome: {chromedriverVersion: 89.0.4389.23 (61b08ee2c5002..., userDataDir: /var/folders/nb/p575x3v15vj...}, goog:chromeOptions: {debuggerAddress: localhost:62496}, javascriptEnabled: true, networkConnectionEnabled: false, pageLoadStrategy: normal, platform: MAC, platformName: MAC, proxy: Proxy(), setWindowRect: true, strictFileInteractability: false, timeouts: {implicit: 0, pageLoad: 300000, script: 30000}, unhandledPromptBehavior: dismiss and notify, webauthn:extension:largeBlob: true, webauthn:virtualAuthenticators: true}
Session ID: 5ca19e8d93e53591388f4f099d1b4444
*** Element info: {Using=css selector, value=div.footer-bottom}
at jdk.internal.reflect.GeneratedConstructorAccessor9.newInstance(Unknown Source)
at java.base/jdk.internal.reflect.DelegatingConstructorAccessorImpl.newInstance(DelegatingConstructorAccessorImpl.java:45)
at java.base/java.lang.reflect.Constructor.newInstance(Constructor.java:490)
at org.openqa.selenium.remote.http.W3CHttpResponseCodec.createException(W3CHttpResponseCodec.java:187)
at org.openqa.selenium.remote.http.W3CHttpResponseCodec.decode(W3CHttpResponseCodec.java:122)
at org.openqa.selenium.remote.http.W3CHttpResponseCodec.decode(W3CHttpResponseCodec.java:49)
at org.openqa.selenium.remote.HttpCommandExecutor.execute(HttpCommandExecutor.java:158)
at org.openqa.selenium.remote.service.DriverCommandExecutor.execute(DriverCommandExecutor.java:83)
at org.openqa.selenium.remote.RemoteWebDriver.execute(RemoteWebDriver.java:552)
at org.openqa.selenium.remote.RemoteWebDriver.findElement(RemoteWebDriver.java:323)
at org.openqa.selenium.remote.RemoteWebDriver.findElementByCssSelector(RemoteWebDriver.java:420)
at org.openqa.selenium.By$ByCssSelector.findElement(By.java:431)
at org.openqa.selenium.remote.RemoteWebDriver.findElement(RemoteWebDriver.java:315)
at org.openqa.selenium.support.ui.ExpectedConditions$6.apply(ExpectedConditions.java:182)
at org.openqa.selenium.support.ui.ExpectedConditions$6.apply(ExpectedConditions.java:179)
at org.openqa.selenium.support.ui.FluentWait.until(FluentWait.java:249)
... 42 more
]]>
            </full-stacktrace>
          </exception> <!-- org.openqa.selenium.TimeoutException -->
          <reporter-output>
          </reporter-output>
        </test-method> <!-- checkFooterLinks -->
        <test-method is-config="true" signature="tearDown()[pri:0, instance:tests.HomePageTest@6a192cfe]" started-at="2021-04-01T23:47:29 EDT" name="tearDown" finished-at="2021-04-01T23:47:29 EDT" duration-ms="89" status="PASS">
          <reporter-output>
          </reporter-output>
        </test-method> <!-- tearDown -->
        <test-method is-config="true" signature="setUp()[pri:0, instance:tests.HomePageTest@6a192cfe]" started-at="2021-04-01T23:47:29 EDT" name="setUp" finished-at="2021-04-01T23:47:33 EDT" duration-ms="4260" status="PASS">
          <reporter-output>
          </reporter-output>
        </test-method> <!-- setUp -->
        <test-method signature="checkFreeBtn()[pri:8, instance:tests.HomePageTest@6a192cfe]" started-at="2021-04-01T23:47:33 EDT" name="checkFreeBtn" description="checks if try for free button works" finished-at="2021-04-01T23:47:35 EDT" duration-ms="2001" status="PASS">
          <reporter-output>
          </reporter-output>
        </test-method> <!-- checkFreeBtn -->
        <test-method is-config="true" signature="tearDown()[pri:0, instance:tests.HomePageTest@6a192cfe]" started-at="2021-04-01T23:47:35 EDT" name="tearDown" finished-at="2021-04-01T23:47:36 EDT" duration-ms="104" status="PASS">
          <reporter-output>
          </reporter-output>
        </test-method> <!-- tearDown -->
      </class> <!-- tests.HomePageTest -->
      <class name="tests.SignUpPageTest">
        <test-method is-config="true" signature="setUp()[pri:0, instance:tests.SignUpPageTest@1ea9f6af]" started-at="2021-04-01T23:43:10 EDT" name="setUp" finished-at="2021-04-01T23:43:16 EDT" duration-ms="5766" status="PASS">
          <reporter-output>
          </reporter-output>
        </test-method> <!-- setUp -->
        <test-method signature="registerWithValidCredential()[pri:1, instance:tests.SignUpPageTest@1ea9f6af]" started-at="2021-04-01T23:43:16 EDT" name="registerWithValidCredential" finished-at="2021-04-01T23:43:35 EDT" duration-ms="19648" status="PASS">
          <reporter-output>
          </reporter-output>
        </test-method> <!-- registerWithValidCredential -->
        <test-method is-config="true" signature="quit()[pri:0, instance:tests.SignUpPageTest@1ea9f6af]" started-at="2021-04-01T23:43:35 EDT" name="quit" finished-at="2021-04-01T23:43:35 EDT" duration-ms="170" status="PASS">
          <reporter-output>
          </reporter-output>
        </test-method> <!-- quit -->
        <test-method is-config="true" signature="setUp()[pri:0, instance:tests.SignUpPageTest@1ea9f6af]" started-at="2021-04-01T23:43:35 EDT" name="setUp" finished-at="2021-04-01T23:43:40 EDT" duration-ms="5073" status="PASS">
          <reporter-output>
          </reporter-output>
        </test-method> <!-- setUp -->
        <test-method signature="signUpWithFaceBookTest()[pri:2, instance:tests.SignUpPageTest@1ea9f6af]" started-at="2021-04-01T23:43:40 EDT" name="signUpWithFaceBookTest" finished-at="2021-04-01T23:43:49 EDT" duration-ms="8743" status="FAIL">
          <exception class="java.lang.AssertionError">
            <message>
              <![CDATA[expected [true] but found [false]]]>
            </message>
            <full-stacktrace>
              <![CDATA[java.lang.AssertionError: expected [true] but found [false]
at org.testng.Assert.fail(Assert.java:99)
at org.testng.Assert.failNotEquals(Assert.java:1037)
at org.testng.Assert.assertTrue(Assert.java:45)
at org.testng.Assert.assertTrue(Assert.java:55)
at tests.SignUpPageTest.signUpWithFaceBookTest(SignUpPageTest.java:37)
at java.base/jdk.internal.reflect.NativeMethodAccessorImpl.invoke0(Native Method)
at java.base/jdk.internal.reflect.NativeMethodAccessorImpl.invoke(NativeMethodAccessorImpl.java:62)
at java.base/jdk.internal.reflect.DelegatingMethodAccessorImpl.invoke(DelegatingMethodAccessorImpl.java:43)
at java.base/java.lang.reflect.Method.invoke(Method.java:566)
at org.testng.internal.MethodInvocationHelper.invokeMethod(MethodInvocationHelper.java:132)
at org.testng.internal.TestInvoker.invokeMethod(TestInvoker.java:599)
at org.testng.internal.TestInvoker.invokeTestMethod(TestInvoker.java:174)
at org.testng.internal.MethodRunner.runInSequence(MethodRunner.java:46)
at org.testng.internal.TestInvoker$MethodInvocationAgent.invoke(TestInvoker.java:822)
at org.testng.internal.TestInvoker.invokeTestMethods(TestInvoker.java:147)
at org.testng.internal.TestMethodWorker.invokeTestMethods(TestMethodWorker.java:146)
at org.testng.internal.TestMethodWorker.run(TestMethodWorker.java:128)
at java.base/java.util.ArrayList.forEach(ArrayList.java:1541)
at org.testng.TestRunner.privateRun(TestRunner.java:764)
at org.testng.TestRunner.run(TestRunner.java:585)
at org.testng.SuiteRunner.runTest(SuiteRunner.java:384)
at org.testng.SuiteRunner.runSequentially(SuiteRunner.java:378)
at org.testng.SuiteRunner.privateRun(SuiteRunner.java:337)
at org.testng.SuiteRunner.run(SuiteRunner.java:286)
at org.testng.SuiteRunnerWorker.runSuite(SuiteRunnerWorker.java:53)
at org.testng.SuiteRunnerWorker.run(SuiteRunnerWorker.java:96)
at org.testng.TestNG.runSuitesSequentially(TestNG.java:1218)
at org.testng.TestNG.runSuitesLocally(TestNG.java:1140)
at org.testng.TestNG.runSuites(TestNG.java:1069)
at org.testng.TestNG.run(TestNG.java:1037)
at org.apache.maven.surefire.testng.TestNGExecutor.run(TestNGExecutor.java:77)
at org.apache.maven.surefire.testng.TestNGDirectoryTestSuite.executeMulti(TestNGDirectoryTestSuite.java:159)
at org.apache.maven.surefire.testng.TestNGDirectoryTestSuite.execute(TestNGDirectoryTestSuite.java:99)
at org.apache.maven.surefire.testng.TestNGProvider.invoke(TestNGProvider.java:106)
at java.base/jdk.internal.reflect.NativeMethodAccessorImpl.invoke0(Native Method)
at java.base/jdk.internal.reflect.NativeMethodAccessorImpl.invoke(NativeMethodAccessorImpl.java:62)
at java.base/jdk.internal.reflect.DelegatingMethodAccessorImpl.invoke(DelegatingMethodAccessorImpl.java:43)
at java.base/java.lang.reflect.Method.invoke(Method.java:566)
at org.apache.maven.surefire.util.ReflectionUtils.invokeMethodWithArray(ReflectionUtils.java:189)
at org.apache.maven.surefire.booter.ProviderFactory$ProviderProxy.invoke(ProviderFactory.java:165)
at org.apache.maven.surefire.booter.ProviderFactory.invokeProvider(ProviderFactory.java:85)
at org.apache.maven.surefire.booter.ForkedBooter.runSuitesInProcess(ForkedBooter.java:115)
at org.apache.maven.surefire.booter.ForkedBooter.main(ForkedBooter.java:75)
]]>
            </full-stacktrace>
          </exception> <!-- java.lang.AssertionError -->
          <reporter-output>
          </reporter-output>
        </test-method> <!-- signUpWithFaceBookTest -->
        <test-method is-config="true" signature="quit()[pri:0, instance:tests.SignUpPageTest@1ea9f6af]" started-at="2021-04-01T23:43:49 EDT" name="quit" finished-at="2021-04-01T23:43:49 EDT" duration-ms="117" status="PASS">
          <reporter-output>
          </reporter-output>
        </test-method> <!-- quit -->
        <test-method is-config="true" signature="setUp()[pri:0, instance:tests.SignUpPageTest@1ea9f6af]" started-at="2021-04-01T23:43:49 EDT" name="setUp" finished-at="2021-04-01T23:43:54 EDT" duration-ms="4282" status="PASS">
          <reporter-output>
          </reporter-output>
        </test-method> <!-- setUp -->
        <test-method signature="registerWithExistingEmailAddressTest()[pri:4, instance:tests.SignUpPageTest@1ea9f6af]" started-at="2021-04-01T23:43:54 EDT" name="registerWithExistingEmailAddressTest" finished-at="2021-04-01T23:44:04 EDT" duration-ms="10793" status="PASS">
          <reporter-output>
          </reporter-output>
        </test-method> <!-- registerWithExistingEmailAddressTest -->
        <test-method is-config="true" signature="quit()[pri:0, instance:tests.SignUpPageTest@1ea9f6af]" started-at="2021-04-01T23:44:04 EDT" name="quit" finished-at="2021-04-01T23:44:05 EDT" duration-ms="124" status="PASS">
          <reporter-output>
          </reporter-output>
        </test-method> <!-- quit -->
        <test-method is-config="true" signature="setUp()[pri:0, instance:tests.SignUpPageTest@1ea9f6af]" started-at="2021-04-01T23:44:05 EDT" name="setUp" finished-at="2021-04-01T23:44:09 EDT" duration-ms="4376" status="PASS">
          <reporter-output>
          </reporter-output>
        </test-method> <!-- setUp -->
        <test-method signature="registerWithMandotoryFieldTest()[pri:5, instance:tests.SignUpPageTest@1ea9f6af]" started-at="2021-04-01T23:44:09 EDT" name="registerWithMandotoryFieldTest" finished-at="2021-04-01T23:44:24 EDT" duration-ms="15480" status="PASS">
          <reporter-output>
          </reporter-output>
        </test-method> <!-- registerWithMandotoryFieldTest -->
        <test-method is-config="true" signature="quit()[pri:0, instance:tests.SignUpPageTest@1ea9f6af]" started-at="2021-04-01T23:44:24 EDT" name="quit" finished-at="2021-04-01T23:44:24 EDT" duration-ms="115" status="PASS">
          <reporter-output>
          </reporter-output>
        </test-method> <!-- quit -->
        <test-method is-config="true" signature="setUp()[pri:0, instance:tests.SignUpPageTest@1ea9f6af]" started-at="2021-04-01T23:44:24 EDT" name="setUp" finished-at="2021-04-01T23:44:29 EDT" duration-ms="4972" status="PASS">
          <reporter-output>
          </reporter-output>
        </test-method> <!-- setUp -->
        <test-method signature="registerWithoutAlphanumericPwdTest()[pri:6, instance:tests.SignUpPageTest@1ea9f6af]" started-at="2021-04-01T23:44:29 EDT" name="registerWithoutAlphanumericPwdTest" finished-at="2021-04-01T23:44:48 EDT" duration-ms="18407" status="PASS">
          <reporter-output>
          </reporter-output>
        </test-method> <!-- registerWithoutAlphanumericPwdTest -->
        <test-method is-config="true" signature="quit()[pri:0, instance:tests.SignUpPageTest@1ea9f6af]" started-at="2021-04-01T23:44:48 EDT" name="quit" finished-at="2021-04-01T23:44:48 EDT" duration-ms="118" status="PASS">
          <reporter-output>
          </reporter-output>
        </test-method> <!-- quit -->
      </class> <!-- tests.SignUpPageTest -->
      <class name="tests.LoginPageTest">
        <test-method is-config="true" signature="setUp()[pri:0, instance:tests.LoginPageTest@5119fb47]" started-at="2021-04-01T23:47:36 EDT" name="setUp" finished-at="2021-04-01T23:47:40 EDT" duration-ms="4207" status="PASS">
          <reporter-output>
          </reporter-output>
        </test-method> <!-- setUp -->
        <test-method signature="testPageTitle()[pri:1, instance:tests.LoginPageTest@5119fb47]" started-at="2021-04-01T23:47:40 EDT" name="testPageTitle" description="I Speak Better Main Page title" finished-at="2021-04-01T23:47:40 EDT" duration-ms="9" status="PASS">
          <reporter-output>
          </reporter-output>
        </test-method> <!-- testPageTitle -->
        <test-method is-config="true" signature="tearDown()[pri:0, instance:tests.LoginPageTest@5119fb47]" started-at="2021-04-01T23:47:40 EDT" name="tearDown" finished-at="2021-04-01T23:47:40 EDT" duration-ms="98" status="PASS">
          <reporter-output>
          </reporter-output>
        </test-method> <!-- tearDown -->
        <test-method is-config="true" signature="setUp()[pri:0, instance:tests.LoginPageTest@5119fb47]" started-at="2021-04-01T23:47:40 EDT" name="setUp" finished-at="2021-04-01T23:47:45 EDT" duration-ms="4703" status="PASS">
          <reporter-output>
          </reporter-output>
        </test-method> <!-- setUp -->
        <test-method signature="flexiblePackage()[pri:2, instance:tests.LoginPageTest@5119fb47]" started-at="2021-04-01T23:47:45 EDT" name="flexiblePackage" description="flexible package" finished-at="2021-04-01T23:47:47 EDT" duration-ms="2972" status="PASS">
          <reporter-output>
          </reporter-output>
        </test-method> <!-- flexiblePackage -->
        <test-method is-config="true" signature="tearDown()[pri:0, instance:tests.LoginPageTest@5119fb47]" started-at="2021-04-01T23:47:47 EDT" name="tearDown" finished-at="2021-04-01T23:47:48 EDT" duration-ms="108" status="PASS">
          <reporter-output>
          </reporter-output>
        </test-method> <!-- tearDown -->
      </class> <!-- tests.LoginPageTest -->
    </test> <!-- Command line test -->
  </suite> <!-- Command line suite -->
</testng-results>
