<?xml version="1.0" encoding="UTF-8"?>
<testng-results ignored="1" total="11" passed="9" failed="1" skipped="0">
  <reporter-output>
    <line>
      <![CDATA[<a href='/Users/zeynepunalan/eclipse-workspace/ISpeakBetter_Group2/target/surefire-reports/failure_screenshots/signUpWithFaceBookTest_04_04_2021_11_46_52.png'> <img src='/Users/zeynepunalan/eclipse-workspace/ISpeakBetter_Group2/target/surefire-reports/failure_screenshots/signUpWithFaceBookTest_04_04_2021_11_46_52.png' height='100' width='100'/> </a>]]>
    </line>
  </reporter-output>
  <suite started-at="2021-04-04T23:46:12 EDT" name="HomePage Suite" finished-at="2021-04-04T23:49:15 EDT" duration-ms="183180">
    <groups>
    </groups>
    <test started-at="2021-04-04T23:46:12 EDT" name="All Pages Test" finished-at="2021-04-04T23:49:15 EDT" duration-ms="183180">
      <class name="tests.CoursesPageTest">
        <test-method is-config="true" signature="setUp()[pri:0, instance:tests.CoursesPageTest@6e2aa843]" started-at="2021-04-04T23:47:52 EDT" name="setUp" finished-at="2021-04-04T23:47:56 EDT" duration-ms="4297" status="PASS">
          <reporter-output>
          </reporter-output>
        </test-method> <!-- setUp -->
        <test-method signature="checkCoursesText()[pri:1, instance:tests.CoursesPageTest@6e2aa843]" started-at="2021-04-04T23:47:56 EDT" name="checkCoursesText" description="This test check to be at courses section" finished-at="2021-04-04T23:48:00 EDT" duration-ms="4388" status="PASS">
          <reporter-output>
          </reporter-output>
        </test-method> <!-- checkCoursesText -->
        <test-method is-config="true" signature="tearDown()[pri:0, instance:tests.CoursesPageTest@6e2aa843]" started-at="2021-04-04T23:48:00 EDT" name="tearDown" finished-at="2021-04-04T23:48:00 EDT" duration-ms="115" status="PASS">
          <reporter-output>
          </reporter-output>
        </test-method> <!-- tearDown -->
        <test-method is-config="true" signature="setUp()[pri:0, instance:tests.CoursesPageTest@6e2aa843]" started-at="2021-04-04T23:48:00 EDT" name="setUp" finished-at="2021-04-04T23:48:04 EDT" duration-ms="4113" status="PASS">
          <reporter-output>
          </reporter-output>
        </test-method> <!-- setUp -->
        <test-method signature="checkConversationalEnglishPageText()[pri:2, instance:tests.CoursesPageTest@6e2aa843]" started-at="2021-04-04T23:48:04 EDT" name="checkConversationalEnglishPageText" description="This test check to be at Conversational English section" finished-at="2021-04-04T23:48:16 EDT" duration-ms="11269" status="PASS">
          <reporter-output>
          </reporter-output>
        </test-method> <!-- checkConversationalEnglishPageText -->
        <test-method is-config="true" signature="tearDown()[pri:0, instance:tests.CoursesPageTest@6e2aa843]" started-at="2021-04-04T23:48:16 EDT" name="tearDown" finished-at="2021-04-04T23:48:16 EDT" duration-ms="119" status="PASS">
          <reporter-output>
          </reporter-output>
        </test-method> <!-- tearDown -->
        <test-method is-config="true" signature="setUp()[pri:0, instance:tests.CoursesPageTest@6e2aa843]" started-at="2021-04-04T23:48:16 EDT" name="setUp" finished-at="2021-04-04T23:48:22 EDT" duration-ms="5677" status="PASS">
          <reporter-output>
          </reporter-output>
        </test-method> <!-- setUp -->
        <test-method signature="checkFreeCourseSignUpPage()[pri:3, instance:tests.CoursesPageTest@6e2aa843]" started-at="2021-04-04T23:48:22 EDT" name="checkFreeCourseSignUpPage" description="This test check to login for free class sign up page" finished-at="2021-04-04T23:48:34 EDT" duration-ms="12330" status="PASS">
          <reporter-output>
          </reporter-output>
        </test-method> <!-- checkFreeCourseSignUpPage -->
        <test-method is-config="true" signature="tearDown()[pri:0, instance:tests.CoursesPageTest@6e2aa843]" started-at="2021-04-04T23:48:34 EDT" name="tearDown" finished-at="2021-04-04T23:48:34 EDT" duration-ms="139" status="PASS">
          <reporter-output>
          </reporter-output>
        </test-method> <!-- tearDown -->
        <test-method is-config="true" signature="setUp()[pri:0, instance:tests.CoursesPageTest@6e2aa843]" started-at="2021-04-04T23:48:35 EDT" name="setUp" finished-at="2021-04-04T23:48:39 EDT" duration-ms="4100" status="PASS">
          <reporter-output>
          </reporter-output>
        </test-method> <!-- setUp -->
        <test-method signature="signUpForFreeCourses(java.lang.String, java.lang.String, java.lang.String, java.lang.String, java.lang.String)[pri:4, instance:tests.CoursesPageTest@6e2aa843]" started-at="2021-04-04T23:48:39 EDT" name="signUpForFreeCourses" description="This test check to enable to add credantials sign up page for free class" data-provider="getFaceBookOptions" finished-at="2021-04-04T23:48:54 EDT" duration-ms="15725" status="PASS">
          <params>
            <param index="0">
              <value>
                <![CDATA[Ali]]>
              </value>
            </param>
            <param index="1">
              <value>
                <![CDATA[Tezel]]>
              </value>
            </param>
            <param index="2">
              <value>
                <![CDATA[Atezel@gmail.com]]>
              </value>
            </param>
            <param index="3">
              <value>
                <![CDATA[Ali1234!]]>
              </value>
            </param>
            <param index="4">
              <value>
                <![CDATA[Ali1234!]]>
              </value>
            </param>
          </params>
          <reporter-output>
          </reporter-output>
        </test-method> <!-- signUpForFreeCourses -->
        <test-method is-config="true" signature="tearDown()[pri:0, instance:tests.CoursesPageTest@6e2aa843]" started-at="2021-04-04T23:48:54 EDT" name="tearDown" finished-at="2021-04-04T23:48:54 EDT" duration-ms="124" status="PASS">
          <reporter-output>
          </reporter-output>
        </test-method> <!-- tearDown -->
        <test-method is-config="true" signature="setUp()[pri:0, instance:tests.CoursesPageTest@6e2aa843]" started-at="2021-04-04T23:48:54 EDT" name="setUp" finished-at="2021-04-04T23:48:59 EDT" duration-ms="4043" status="PASS">
          <reporter-output>
          </reporter-output>
        </test-method> <!-- setUp -->
        <test-method signature="signUpForFreeCourses(java.lang.String, java.lang.String, java.lang.String, java.lang.String, java.lang.String)[pri:4, instance:tests.CoursesPageTest@6e2aa843]" started-at="2021-04-04T23:48:59 EDT" name="signUpForFreeCourses" description="This test check to enable to add credantials sign up page for free class" data-provider="getFaceBookOptions" finished-at="2021-04-04T23:49:15 EDT" duration-ms="16528" status="PASS">
          <params>
            <param index="0">
              <value>
                <![CDATA[Memet ]]>
              </value>
            </param>
            <param index="1">
              <value>
                <![CDATA[Genis]]>
              </value>
            </param>
            <param index="2">
              <value>
                <![CDATA[Mgenis21@gmail.com]]>
              </value>
            </param>
            <param index="3">
              <value>
                <![CDATA[Memo123!]]>
              </value>
            </param>
            <param index="4">
              <value>
                <![CDATA[Memo123!]]>
              </value>
            </param>
          </params>
          <reporter-output>
          </reporter-output>
        </test-method> <!-- signUpForFreeCourses -->
        <test-method is-config="true" signature="tearDown()[pri:0, instance:tests.CoursesPageTest@6e2aa843]" started-at="2021-04-04T23:49:15 EDT" name="tearDown" finished-at="2021-04-04T23:49:15 EDT" duration-ms="124" status="PASS">
          <reporter-output>
          </reporter-output>
        </test-method> <!-- tearDown -->
      </class> <!-- tests.CoursesPageTest -->
      <class name="tests.SignUpPageTest">
        <test-method is-config="true" signature="setUp()[pri:0, instance:tests.SignUpPageTest@69ee81fc]" started-at="2021-04-04T23:46:12 EDT" name="setUp" finished-at="2021-04-04T23:46:18 EDT" duration-ms="5770" status="PASS">
          <reporter-output>
          </reporter-output>
        </test-method> <!-- setUp -->
        <test-method signature="registerWithValidCredential()[pri:1, instance:tests.SignUpPageTest@69ee81fc]" started-at="2021-04-04T23:46:18 EDT" name="registerWithValidCredential" finished-at="2021-04-04T23:46:36 EDT" duration-ms="18554" status="PASS">
          <reporter-output>
          </reporter-output>
        </test-method> <!-- registerWithValidCredential -->
        <test-method is-config="true" signature="quit()[pri:0, instance:tests.SignUpPageTest@69ee81fc]" started-at="2021-04-04T23:46:36 EDT" name="quit" finished-at="2021-04-04T23:46:36 EDT" duration-ms="118" status="PASS">
          <reporter-output>
          </reporter-output>
        </test-method> <!-- quit -->
        <test-method is-config="true" signature="setUp()[pri:0, instance:tests.SignUpPageTest@69ee81fc]" started-at="2021-04-04T23:46:36 EDT" name="setUp" finished-at="2021-04-04T23:46:41 EDT" duration-ms="4370" status="PASS">
          <reporter-output>
          </reporter-output>
        </test-method> <!-- setUp -->
        <test-method signature="signUpWithFaceBookTest()[pri:2, instance:tests.SignUpPageTest@69ee81fc]" started-at="2021-04-04T23:46:41 EDT" name="signUpWithFaceBookTest" finished-at="2021-04-04T23:46:52 EDT" duration-ms="11296" status="FAIL">
          <exception class="java.lang.AssertionError">
            <message>
              <![CDATA[expected [true] but found [false]]]>
            </message>
            <full-stacktrace>
              <![CDATA[java.lang.AssertionError: expected [true] but found [false]
at org.testng.Assert.fail(Assert.java:99)
at org.testng.Assert.failNotEquals(Assert.java:1037)
at org.testng.Assert.assertTrue(Assert.java:45)
at org.testng.Assert.assertTrue(Assert.java:55)
at tests.SignUpPageTest.signUpWithFaceBookTest(SignUpPageTest.java:38)
at java.base/jdk.internal.reflect.NativeMethodAccessorImpl.invoke0(Native Method)
at java.base/jdk.internal.reflect.NativeMethodAccessorImpl.invoke(NativeMethodAccessorImpl.java:62)
at java.base/jdk.internal.reflect.DelegatingMethodAccessorImpl.invoke(DelegatingMethodAccessorImpl.java:43)
at java.base/java.lang.reflect.Method.invoke(Method.java:566)
at org.testng.internal.MethodInvocationHelper.invokeMethod(MethodInvocationHelper.java:132)
at org.testng.internal.TestInvoker.invokeMethod(TestInvoker.java:599)
at org.testng.internal.TestInvoker.invokeTestMethod(TestInvoker.java:174)
at org.testng.internal.MethodRunner.runInSequence(MethodRunner.java:46)
at org.testng.internal.TestInvoker$MethodInvocationAgent.invoke(TestInvoker.java:822)
at org.testng.internal.TestInvoker.invokeTestMethods(TestInvoker.java:147)
at org.testng.internal.TestMethodWorker.invokeTestMethods(TestMethodWorker.java:146)
at org.testng.internal.TestMethodWorker.run(TestMethodWorker.java:128)
at java.base/java.util.ArrayList.forEach(ArrayList.java:1541)
at org.testng.TestRunner.privateRun(TestRunner.java:764)
at org.testng.TestRunner.run(TestRunner.java:585)
at org.testng.SuiteRunner.runTest(SuiteRunner.java:384)
at org.testng.SuiteRunner.runSequentially(SuiteRunner.java:378)
at org.testng.SuiteRunner.privateRun(SuiteRunner.java:337)
at org.testng.SuiteRunner.run(SuiteRunner.java:286)
at org.testng.SuiteRunnerWorker.runSuite(SuiteRunnerWorker.java:53)
at org.testng.SuiteRunnerWorker.run(SuiteRunnerWorker.java:96)
at org.testng.TestNG.runSuitesSequentially(TestNG.java:1218)
at org.testng.TestNG.runSuitesLocally(TestNG.java:1140)
at org.testng.TestNG.runSuites(TestNG.java:1069)
at org.testng.TestNG.run(TestNG.java:1037)
at org.testng.remote.AbstractRemoteTestNG.run(AbstractRemoteTestNG.java:115)
at org.testng.remote.RemoteTestNG.initAndRun(RemoteTestNG.java:251)
at org.testng.remote.RemoteTestNG.main(RemoteTestNG.java:77)
]]>
            </full-stacktrace>
          </exception> <!-- java.lang.AssertionError -->
          <reporter-output>
            <line>
              <![CDATA[<a href='/Users/zeynepunalan/eclipse-workspace/ISpeakBetter_Group2/target/surefire-reports/failure_screenshots/signUpWithFaceBookTest_04_04_2021_11_46_52.png'> <img src='/Users/zeynepunalan/eclipse-workspace/ISpeakBetter_Group2/target/surefire-reports/failure_screenshots/signUpWithFaceBookTest_04_04_2021_11_46_52.png' height='100' width='100'/> </a>]]>
            </line>
          </reporter-output>
        </test-method> <!-- signUpWithFaceBookTest -->
        <test-method is-config="true" signature="quit()[pri:0, instance:tests.SignUpPageTest@69ee81fc]" started-at="2021-04-04T23:46:53 EDT" name="quit" finished-at="2021-04-04T23:46:54 EDT" duration-ms="126" status="PASS">
          <reporter-output>
          </reporter-output>
        </test-method> <!-- quit -->
        <test-method is-config="true" signature="setUp()[pri:0, instance:tests.SignUpPageTest@69ee81fc]" started-at="2021-04-04T23:46:54 EDT" name="setUp" finished-at="2021-04-04T23:46:58 EDT" duration-ms="4275" status="PASS">
          <reporter-output>
          </reporter-output>
        </test-method> <!-- setUp -->
        <test-method signature="registerWithExistingEmailAddressTest()[pri:4, instance:tests.SignUpPageTest@69ee81fc]" started-at="2021-04-04T23:46:58 EDT" name="registerWithExistingEmailAddressTest" finished-at="2021-04-04T23:47:09 EDT" duration-ms="10853" status="PASS">
          <reporter-output>
          </reporter-output>
        </test-method> <!-- registerWithExistingEmailAddressTest -->
        <test-method is-config="true" signature="quit()[pri:0, instance:tests.SignUpPageTest@69ee81fc]" started-at="2021-04-04T23:47:09 EDT" name="quit" finished-at="2021-04-04T23:47:09 EDT" duration-ms="129" status="PASS">
          <reporter-output>
          </reporter-output>
        </test-method> <!-- quit -->
        <test-method is-config="true" signature="setUp()[pri:0, instance:tests.SignUpPageTest@69ee81fc]" started-at="2021-04-04T23:47:09 EDT" name="setUp" finished-at="2021-04-04T23:47:13 EDT" duration-ms="4378" status="PASS">
          <reporter-output>
          </reporter-output>
        </test-method> <!-- setUp -->
        <test-method signature="registerWithMandotoryFieldTest()[pri:5, instance:tests.SignUpPageTest@69ee81fc]" started-at="2021-04-04T23:47:13 EDT" name="registerWithMandotoryFieldTest" finished-at="2021-04-04T23:47:28 EDT" duration-ms="15069" status="PASS">
          <reporter-output>
          </reporter-output>
        </test-method> <!-- registerWithMandotoryFieldTest -->
        <test-method is-config="true" signature="quit()[pri:0, instance:tests.SignUpPageTest@69ee81fc]" started-at="2021-04-04T23:47:28 EDT" name="quit" finished-at="2021-04-04T23:47:28 EDT" duration-ms="117" status="PASS">
          <reporter-output>
          </reporter-output>
        </test-method> <!-- quit -->
        <test-method is-config="true" signature="setUp()[pri:0, instance:tests.SignUpPageTest@69ee81fc]" started-at="2021-04-04T23:47:28 EDT" name="setUp" finished-at="2021-04-04T23:47:33 EDT" duration-ms="4784" status="PASS">
          <reporter-output>
          </reporter-output>
        </test-method> <!-- setUp -->
        <test-method signature="registerWithoutAlphanumericPwdTest()[pri:6, instance:tests.SignUpPageTest@69ee81fc]" started-at="2021-04-04T23:47:33 EDT" name="registerWithoutAlphanumericPwdTest" finished-at="2021-04-04T23:47:51 EDT" duration-ms="18194" status="PASS">
          <reporter-output>
          </reporter-output>
        </test-method> <!-- registerWithoutAlphanumericPwdTest -->
        <test-method is-config="true" signature="quit()[pri:0, instance:tests.SignUpPageTest@69ee81fc]" started-at="2021-04-04T23:47:51 EDT" name="quit" finished-at="2021-04-04T23:47:52 EDT" duration-ms="117" status="PASS">
          <reporter-output>
          </reporter-output>
        </test-method> <!-- quit -->
      </class> <!-- tests.SignUpPageTest -->
    </test> <!-- All Pages Test -->
  </suite> <!-- HomePage Suite -->
</testng-results>
