<?xml version="1.0" encoding="UTF-8"?>
<!-- Generated by org.testng.reporters.JUnitXMLReporter -->
<testsuite ignored="1" hostname="Zeyneps-MBP" failures="1" tests="10" name="All Pages Test" time="183.18" errors="0" timestamp="2021-04-04T23:49:15 EDT">
  <testcase classname="tests.SignUpPageTest" name="registerWithValidCredential" time="18.554"/>
  <testcase classname="tests.SignUpPageTest" name="signUpWithFaceBookTest" time="11.296">
    <failure type="java.lang.AssertionError" message="expected [true] but found [false]">
      <![CDATA[java.lang.AssertionError: expected [true] but found [false]
at tests.SignUpPageTest.signUpWithFaceBookTest(SignUpPageTest.java:38)
at java.base/java.util.ArrayList.forEach(ArrayList.java:1541)
... Removed 31 stack frames]]>
    </failure>
  </testcase> <!-- signUpWithFaceBookTest -->
  <testcase classname="tests.SignUpPageTest" name="registerWithExistingEmailAddressTest" time="10.853"/>
  <testcase classname="tests.SignUpPageTest" name="registerWithMandotoryFieldTest" time="15.069"/>
  <testcase classname="tests.SignUpPageTest" name="registerWithoutAlphanumericPwdTest" time="18.194"/>
  <testcase classname="tests.CoursesPageTest" name="checkCoursesText" time="4.388"/>
  <testcase classname="tests.CoursesPageTest" name="checkConversationalEnglishPageText" time="11.269"/>
  <testcase classname="tests.CoursesPageTest" name="checkFreeCourseSignUpPage" time="12.33"/>
  <testcase classname="tests.CoursesPageTest" name="signUpForFreeCourses" time="15.725"/>
  <testcase classname="tests.CoursesPageTest" name="signUpForFreeCourses" time="16.528"/>
  <testcase classname="tests.SignUpPageTest" name="registerWithInvalidEmailTest" time="0.0">
    <ignored/>
  </testcase> <!-- registerWithInvalidEmailTest -->
</testsuite> <!-- All Pages Test -->
