<?xml version="1.0" encoding="UTF-8"?>
<!-- Generated by org.testng.reporters.JUnitXMLReporter -->
<testsuite ignored="2" hostname="Zeyneps-MBP" failures="0" tests="10" name="HomePage Test" time="118.556" errors="0" timestamp="2021-03-30T01:35:22 EDT">
  <testcase classname="tests.HomePageTest" name="checkHomePageURL" time="0.011"/>
  <testcase classname="tests.HomePageTest" name="checkTopNavigationBarItems" time="25.616"/>
  <testcase classname="tests.HomePageTest" name="checkFooterLinks" time="3.317"/>
  <testcase classname="tests.HomePageTest" name="checkFlexiblePackageInvalidOptions" time="7.667"/>
  <testcase classname="tests.HomePageTest" name="checkFlexiblePackageInvalidOptions" time="7.449"/>
  <testcase classname="tests.HomePageTest" name="checkFlexiblePackageInvalidOptions" time="7.643"/>
  <testcase classname="tests.HomePageTest" name="checkFlexiblePackageValidOptions" time="8.358"/>
  <testcase classname="tests.HomePageTest" name="checkFlexiblePackageValidOptions" time="8.626"/>
  <testcase classname="tests.HomePageTest" name="checkFlexiblePackageValidOptions" time="8.27"/>
  <testcase classname="tests.HomePageTest" name="checkFreeBtn" time="1.954"/>
  <testcase classname="tests.HomePageTest" name="checkDurationDropDown" time="0.0">
    <ignored/>
  </testcase> <!-- checkDurationDropDown -->
  <testcase classname="tests.HomePageTest" name="checkSubscribedOptions" time="0.0">
    <ignored/>
  </testcase> <!-- checkSubscribedOptions -->
</testsuite> <!-- HomePage Test -->
